Build started 07/01/2016 2:34:05 PM.
     1>Project "C:\Users\brandon\Desktop\Code\C++\SudokuEfficient\SudokuEfficient\SudokuEfficient.vcxproj" on node 2 (Rebuild target(s)).
     1>ClCompile:
         C:\Program Files (x86)\Microsoft Visual Studio 12.0\VC\bin\CL.exe /c /Zi /nologo /W3 /WX- /sdl /O2 /Oi /Oy- /GL /D WIN32 /D NDEBUG /D _CONSOLE /D _LIB /D _UNICODE /D UNICODE /Gm- /EHsc /MD /GS /Gy /fp:precise /Zc:wchar_t /Zc:forScope /Yc"stdafx.h" /Fp"Release\SudokuEfficient.pch" /Fo"Release\\" /Fd"Release\vc120.pdb" /Gd /TP /analyze- /errorReport:prompt stdafx.cpp
         stdafx.cpp
         C:\Program Files (x86)\Microsoft Visual Studio 12.0\VC\bin\CL.exe /c /Zi /nologo /W3 /WX- /sdl /O2 /Oi /Oy- /GL /D WIN32 /D NDEBUG /D _CONSOLE /D _LIB /D _UNICODE /D UNICODE /Gm- /EHsc /MD /GS /Gy /fp:precise /Zc:wchar_t /Zc:forScope /Yu"stdafx.h" /Fp"Release\SudokuEfficient.pch" /Fo"Release\\" /Fd"Release\vc120.pdb" /Gd /TP /analyze- /errorReport:prompt Box.cpp Functions.cpp SudokuEfficient.cpp
         Box.cpp
         Functions.cpp
         SudokuEfficient.cpp
       Link:
         C:\Program Files (x86)\Microsoft Visual Studio 12.0\VC\bin\link.exe /ERRORREPORT:PROMPT /OUT:"C:\Users\brandon\Desktop\Code\C++\SudokuEfficient\Release\SudokuEfficient.exe" /INCREMENTAL:NO /NOLOGO kernel32.lib user32.lib gdi32.lib winspool.lib comdlg32.lib advapi32.lib shell32.lib ole32.lib oleaut32.lib uuid.lib odbc32.lib odbccp32.lib /MANIFEST /MANIFESTUAC:"level='asInvoker' uiAccess='false'" /manifest:embed /DEBUG /PDB:"C:\Users\brandon\Desktop\Code\C++\SudokuEfficient\Release\SudokuEfficient.pdb" /SUBSYSTEM:CONSOLE /OPT:REF /OPT:ICF /LTCG /TLBID:1 /DYNAMICBASE /NXCOMPAT /IMPLIB:"C:\Users\brandon\Desktop\Code\C++\SudokuEfficient\Release\SudokuEfficient.lib" /MACHINE:X86 /SAFESEH Release\Box.obj
         Release\Functions.obj
         Release\SudokuEfficient.obj
         Release\stdafx.obj
         Generating code
         Finished generating code
         SudokuEfficient.vcxproj -> C:\Users\brandon\Desktop\Code\C++\SudokuEfficient\Release\SudokuEfficient.exe
     1>Done Building Project "C:\Users\brandon\Desktop\Code\C++\SudokuEfficient\SudokuEfficient\SudokuEfficient.vcxproj" (Rebuild target(s)).

Build succeeded.

Time Elapsed 00:00:01.67
